<?xml version="1.0" encoding="UTF-8"?>
<!-- Generated by org.testng.reporters.JUnitXMLReporter -->
<testsuite ignored="0" hostname="PM" failures="0" tests="3" name="Default test" time="0.09" errors="0" timestamp="2023-01-23T11:09:06 IST">
  <testcase classname="com.actitime.testscript.TaskModule" name="createModule" time="0.017"/>
  <testcase classname="com.actitime.testscript.TaskModule" name="modifyModule" time="0.005"/>
  <testcase classname="com.actitime.testscript.TaskModule" name="deleteModule" time="0.004"/>
</testsuite> <!-- Default test -->
