<?xml version="1.0" encoding="UTF-8"?>
<!-- Generated by org.testng.reporters.JUnitXMLReporter -->
<testsuite ignored="0" hostname="PM" failures="0" tests="3" name="Default test" time="60.928" errors="0" timestamp="2023-01-04T19:08:27 IST">
  <testcase classname="com.actitime.testscript.CustomerModule" name="createCustomer" time="0.013"/>
  <testcase classname="com.actitime.testscript.CustomerModule" name="modifyCustomer" time="0.002"/>
  <testcase classname="com.actitime.testscript.CustomerModule" name="deleteCustomer" time="0.002"/>
</testsuite> <!-- Default test -->
