<?xml version="1.0" encoding="UTF-8"?>
<!-- Generated by org.testng.reporters.JUnitXMLReporter -->
<testsuite ignored="6" hostname="PM" failures="0" tests="3" name="Test" time="0.077" errors="0" timestamp="2022-12-29T09:49:32 IST">
  <testcase classname="com.actitime.testscript.GroupingCls1" name="modifyCustomer" time="0.017"/>
  <testcase classname="com.actitime.testscript.GroupingCls2" name="deleteProject" time="0.002"/>
  <testcase classname="com.actitime.testscript.GroupingCls3" name="deleteModule" time="0.002"/>
  <testcase classname="com.actitime.testscript.GroupingCls1" name="createCustomer" time="0.0">
    <ignored/>
  </testcase> <!-- createCustomer -->
  <testcase classname="com.actitime.testscript.GroupingCls3" name="modifyModule" time="0.0">
    <ignored/>
  </testcase> <!-- modifyModule -->
  <testcase classname="com.actitime.testscript.GroupingCls2" name="modifyProject" time="0.0">
    <ignored/>
  </testcase> <!-- modifyProject -->
  <testcase classname="com.actitime.testscript.GroupingCls1" name="deleteCustomer" time="0.0">
    <ignored/>
  </testcase> <!-- deleteCustomer -->
  <testcase classname="com.actitime.testscript.GroupingCls3" name="createModule" time="0.0">
    <ignored/>
  </testcase> <!-- createModule -->
  <testcase classname="com.actitime.testscript.GroupingCls2" name="createProject" time="0.0">
    <ignored/>
  </testcase> <!-- createProject -->
</testsuite> <!-- Test -->
