<?xml version="1.0" encoding="UTF-8"?>
<testng-results ignored="0" total="3" passed="3" failed="0" skipped="0">
  <reporter-output>
    <line>
      <![CDATA[createModule]]>
    </line>
    <line>
      <![CDATA[modifyModule]]>
    </line>
    <line>
      <![CDATA[deleteModule]]>
    </line>
  </reporter-output>
  <suite started-at="2023-01-23T11:09:06 IST" name="Default suite" finished-at="2023-01-23T11:09:06 IST" duration-ms="90">
    <groups>
      <group name="smoke test">
        <method signature="TaskModule.createModule()[pri:1, instance:com.actitime.testscript.TaskModule@1622f1b]" name="createModule" class="com.actitime.testscript.TaskModule"/>
        <method signature="TaskModule.modifyModule()[pri:2, instance:com.actitime.testscript.TaskModule@1622f1b]" name="modifyModule" class="com.actitime.testscript.TaskModule"/>
      </group> <!-- smoke test -->
      <group name="regression test">
        <method signature="TaskModule.createModule()[pri:1, instance:com.actitime.testscript.TaskModule@1622f1b]" name="createModule" class="com.actitime.testscript.TaskModule"/>
        <method signature="TaskModule.deleteModule()[pri:3, instance:com.actitime.testscript.TaskModule@1622f1b]" name="deleteModule" class="com.actitime.testscript.TaskModule"/>
      </group> <!-- regression test -->
    </groups>
    <test started-at="2023-01-23T11:09:06 IST" name="Default test" finished-at="2023-01-23T11:09:06 IST" duration-ms="90">
      <class name="com.actitime.testscript.TaskModule">
        <test-method signature="createModule()[pri:1, instance:com.actitime.testscript.TaskModule@1622f1b]" started-at="2023-01-23T11:09:06 IST" name="createModule" finished-at="2023-01-23T11:09:06 IST" duration-ms="17" status="PASS">
          <reporter-output>
            <line>
              <![CDATA[createModule]]>
            </line>
          </reporter-output>
        </test-method> <!-- createModule -->
        <test-method signature="modifyModule()[pri:2, instance:com.actitime.testscript.TaskModule@1622f1b]" started-at="2023-01-23T11:09:06 IST" name="modifyModule" finished-at="2023-01-23T11:09:06 IST" depends-on-methods="com.actitime.testscript.TaskModule.createModule" duration-ms="5" status="PASS">
          <reporter-output>
            <line>
              <![CDATA[modifyModule]]>
            </line>
          </reporter-output>
        </test-method> <!-- modifyModule -->
        <test-method signature="deleteModule()[pri:3, instance:com.actitime.testscript.TaskModule@1622f1b]" started-at="2023-01-23T11:09:06 IST" name="deleteModule" finished-at="2023-01-23T11:09:06 IST" depends-on-methods="com.actitime.testscript.TaskModule.createModule, com.actitime.testscript.TaskModule.modifyModule" duration-ms="4" status="PASS">
          <reporter-output>
            <line>
              <![CDATA[deleteModule]]>
            </line>
          </reporter-output>
        </test-method> <!-- deleteModule -->
      </class> <!-- com.actitime.testscript.TaskModule -->
    </test> <!-- Default test -->
  </suite> <!-- Default suite -->
</testng-results>
